0 info it worked if it ends with ok
1 verbose cli [ '/usr/local/bin/node', '/usr/local/bin/npm', 'install' ]
2 info using npm@1.1.63
3 info using node@v0.8.12
4 verbose read json /vagrant/app/package.json
5 verbose readDependencies using package.json deps
6 verbose install where, deps [ '/vagrant/app',
6 verbose install   [ 'mocha', 'sinon', 'chai', 'jsdom', 'underscore' ] ]
7 verbose from cache /vagrant/app/package.json
8 info preinstall freeze@0.0.1
9 verbose read json /vagrant/app/node_modules/chai/package.json
10 verbose read json /vagrant/app/node_modules/jsdom/package.json
11 verbose read json /vagrant/app/node_modules/sinon/package.json
12 verbose read json /vagrant/app/node_modules/underscore/package.json
13 verbose from cache /vagrant/app/package.json
14 verbose readDependencies using package.json deps
15 verbose from cache /vagrant/app/node_modules/chai/package.json
16 verbose from cache /vagrant/app/node_modules/jsdom/package.json
17 verbose from cache /vagrant/app/node_modules/sinon/package.json
18 verbose from cache /vagrant/app/node_modules/underscore/package.json
19 verbose cache add [ 'mocha@*', null ]
20 silly cache add name=undefined spec="mocha@*" args=["mocha@*",null]
21 verbose parsed url { pathname: 'mocha@*', path: 'mocha@*', href: 'mocha@*' }
22 silly cache add name="mocha" spec="*" args=["mocha","*"]
23 verbose parsed url { pathname: '*', path: '*', href: '*' }
24 verbose addNamed [ 'mocha', '*' ]
25 verbose addNamed [ null, '' ]
26 verbose already installed skipping sinon@* /vagrant/app
27 verbose already installed skipping chai@* /vagrant/app
28 verbose already installed skipping jsdom@* /vagrant/app
29 verbose already installed skipping underscore@* /vagrant/app
30 silly lockFile 4d0fa87f-mocha mocha@*
31 verbose lock mocha@* /home/vagrant/.npm/4d0fa87f-mocha.lock
32 silly addNameRange { name: 'mocha', range: '', hasData: false }
33 verbose url raw mocha
34 verbose url resolving [ 'https://registry.npmjs.org/', './mocha' ]
35 verbose url resolved https://registry.npmjs.org/mocha
36 info trying registry request attempt 1 at 16:11:28
37 verbose etag "E0SGJ1UHTBHEYLIZWN2BQ5DUY"
38 http GET https://registry.npmjs.org/mocha
39 http 304 https://registry.npmjs.org/mocha
40 silly registry.get cb [ 304,
40 silly registry.get   { server: 'CouchDB/1.2.0 (Erlang OTP/R15B)',
40 silly registry.get     etag: '"E0SGJ1UHTBHEYLIZWN2BQ5DUY"',
40 silly registry.get     date: 'Wed, 05 Dec 2012 15:10:46 GMT',
40 silly registry.get     'content-length': '0' } ]
41 verbose etag mocha from cache
42 silly addNameRange number 2 { name: 'mocha', range: '', hasData: true }
43 silly addNameRange versions [ 'mocha',
43 silly addNameRange   [ '0.0.1-alpha1',
43 silly addNameRange     '0.0.1-alpha2',
43 silly addNameRange     '0.0.1-alpha3',
43 silly addNameRange     '0.0.1-alpha4',
43 silly addNameRange     '0.0.1-alpha5',
43 silly addNameRange     '0.0.1-alpha6',
43 silly addNameRange     '0.0.1',
43 silly addNameRange     '0.0.2',
43 silly addNameRange     '0.0.3',
43 silly addNameRange     '0.0.4',
43 silly addNameRange     '0.0.5',
43 silly addNameRange     '0.0.6',
43 silly addNameRange     '0.0.7',
43 silly addNameRange     '0.0.8',
43 silly addNameRange     '0.1.0',
43 silly addNameRange     '0.2.0',
43 silly addNameRange     '0.3.0',
43 silly addNameRange     '0.3.1',
43 silly addNameRange     '0.3.2',
43 silly addNameRange     '0.3.3',
43 silly addNameRange     '0.3.4',
43 silly addNameRange     '0.3.6',
43 silly addNameRange     '0.4.0',
43 silly addNameRange     '0.5.0',
43 silly addNameRange     '0.6.0',
43 silly addNameRange     '0.7.0',
43 silly addNameRange     '0.7.1',
43 silly addNameRange     '0.8.0',
43 silly addNameRange     '0.8.1',
43 silly addNameRange     '0.9.0',
43 silly addNameRange     '0.10.0',
43 silly addNameRange     '0.10.1',
43 silly addNameRange     '0.10.2',
43 silly addNameRange     '0.11.0',
43 silly addNameRange     '0.12.0',
43 silly addNameRange     '0.12.1',
43 silly addNameRange     '0.13.0',
43 silly addNameRange     '0.14.0',
43 silly addNameRange     '0.14.1',
43 silly addNameRange     '1.0.0',
43 silly addNameRange     '1.0.1',
43 silly addNameRange     '1.0.2',
43 silly addNameRange     '1.0.3',
43 silly addNameRange     '1.1.0',
43 silly addNameRange     '1.2.0',
43 silly addNameRange     '1.2.1',
43 silly addNameRange     '1.2.2',
43 silly addNameRange     '1.3.0',
43 silly addNameRange     '1.3.1',
43 silly addNameRange     '1.3.2',
43 silly addNameRange     '1.4.0',
43 silly addNameRange     '1.4.1',
43 silly addNameRange     '1.4.2',
43 silly addNameRange     '1.4.3',
43 silly addNameRange     '1.5.0',
43 silly addNameRange     '1.6.0',
43 silly addNameRange     '1.7.0',
43 silly addNameRange     '1.7.1',
43 silly addNameRange     '1.7.2',
43 silly addNameRange     '1.7.3' ] ]
44 verbose addNamed [ 'mocha', '1.7.3' ]
45 verbose addNamed [ '1.7.3', '1.7.3' ]
46 silly lockFile b3b3eafc-mocha-1-7-3 mocha@1.7.3
47 verbose lock mocha@1.7.3 /home/vagrant/.npm/b3b3eafc-mocha-1-7-3.lock
48 verbose read json /home/vagrant/.npm/mocha/1.7.3/package/package.json
49 silly lockFile b3b3eafc-mocha-1-7-3 mocha@1.7.3
50 silly lockFile 4d0fa87f-mocha mocha@*
51 silly resolved [ { name: 'mocha',
51 silly resolved     version: '1.7.3',
51 silly resolved     description: 'simple, flexible, fun test framework',
51 silly resolved     keywords: [ 'test', 'bdd', 'tdd', 'tap' ],
51 silly resolved     author: { name: 'TJ Holowaychuk', email: 'tj@vision-media.ca' },
51 silly resolved     repository: { type: 'git', url: 'git://github.com/visionmedia/mocha.git' },
51 silly resolved     main: './index',
51 silly resolved     bin: { mocha: './bin/mocha', _mocha: './bin/_mocha' },
51 silly resolved     engines: { node: '>= 0.4.x' },
51 silly resolved     scripts: { test: 'make test-all' },
51 silly resolved     dependencies:
51 silly resolved      { commander: '0.6.1',
51 silly resolved        growl: '1.6.x',
51 silly resolved        jade: '0.26.3',
51 silly resolved        diff: '1.0.2',
51 silly resolved        debug: '*',
51 silly resolved        mkdirp: '0.3.3',
51 silly resolved        ms: '0.3.0' },
51 silly resolved     devDependencies: { should: '*', 'coffee-script': '1.2' },
51 silly resolved     readme: ' [![Build Status](https://secure.travis-ci.org/visionmedia/mocha.png)](http://travis-ci.org/visionmedia/mocha)\n\n  [![Mocha test framework](http://f.cl.ly/items/3l1k0n2A1U3M1I1L210p/Screen%20Shot%202012-02-24%20at%202.21.43%20PM.png)](http://visionmedia.github.com/mocha)\n\n  Mocha is a simple, flexible, fun JavaScript test framework for node.js and the browser. For more information view the [documentation](http://visionmedia.github.com/mocha).\n\n## Contributors\n\n```\n\nproject  : mocha\nrepo age : 1 year, 3 months\nactive   : 233 days\ncommits  : 1034\nfiles    : 114\nauthors  : \n  451\tTJ Holowaychuk          43.6%\n  389\tTj Holowaychuk          37.6%\n   31\tGuillermo Rauch         3.0%\n   13\tAttila Domokos          1.3%\n    8\tJo Liss                 0.8%\n    7\tNathan Rajlich          0.7%\n    6\tJames Carr              0.6%\n    6\tBrendan Nee             0.6%\n    5\tJohn Firebaugh          0.5%\n    5\tAaron Heckmann          0.5%\n    4\tJoshua Krall            0.4%\n    4\tXavier Antoviaque       0.4%\n    4\thokaccha                0.4%\n```\n\n## Links\n\n  - [Google Group](http://groups.google.com/group/mochajs)\n  - [Wiki](https://github.com/visionmedia/mocha/wiki)\n  - Mocha [Extensions and reporters](https://github.com/visionmedia/mocha/wiki)',
51 silly resolved     _id: 'mocha@1.7.3',
51 silly resolved     _from: 'mocha@*' } ]
52 info install mocha@1.7.3 into /vagrant/app
53 info installOne mocha@1.7.3
54 verbose from cache /home/vagrant/.npm/mocha/1.7.3/package/package.json
55 info /vagrant/app/node_modules/mocha unbuild
56 verbose read json /vagrant/app/node_modules/mocha/package.json
57 verbose tar unpack /home/vagrant/.npm/mocha/1.7.3/package.tgz
58 silly lockFile e19c872a-vagrant-app-node-modules-mocha /vagrant/app/node_modules/mocha
59 verbose lock /vagrant/app/node_modules/mocha /home/vagrant/.npm/e19c872a-vagrant-app-node-modules-mocha.lock
60 silly gunzTarPerm modes [ '755', '644' ]
61 silly gunzTarPerm extractEntry package.json
62 silly gunzTarPerm extractEntry .npmignore
63 silly gunzTarPerm extractEntry LICENSE
64 silly gunzTarPerm extractEntry _mocha.js
65 silly gunzTarPerm extractEntry index.js
66 silly gunzTarPerm extractEntry mocha.js
67 silly gunzTarPerm extractEntry test.js
68 silly gunzTarPerm extractEntry Makefile
69 silly gunzTarPerm extractEntry mocha.css
70 silly gunzTarPerm extractEntry .travis.yml
71 silly gunzTarPerm extractEntry bin/mocha
72 silly gunzTarPerm extractEntry bin/_mocha
73 silly gunzTarPerm extractEntry images/error.png
74 silly gunzTarPerm extractEntry images/ok.png
75 silly gunzTarPerm extractEntry lib/context.js
76 silly gunzTarPerm extractEntry lib/mocha.js
77 silly gunzTarPerm extractEntry lib/hook.js
78 silly gunzTarPerm extractEntry lib/utils.js
79 silly gunzTarPerm extractEntry lib/runner.js
80 silly gunzTarPerm extractEntry lib/test.js
81 silly gunzTarPerm extractEntry lib/ms.js
82 silly gunzTarPerm extractEntry lib/runnable.js
83 silly gunzTarPerm extractEntry lib/suite.js
84 silly gunzTarPerm extractEntry lib/template.html
85 silly gunzTarPerm extractEntry lib/reporters/nyan.js
86 silly gunzTarPerm extractEntry lib/reporters/base.js
87 silly gunzTarPerm extractEntry lib/reporters/html-cov.js
88 silly gunzTarPerm extractEntry lib/reporters/markdown.js
89 silly gunzTarPerm extractEntry lib/reporters/landing.js
90 silly gunzTarPerm extractEntry lib/reporters/spec.js
91 silly gunzTarPerm extractEntry lib/reporters/min.js
92 silly gunzTarPerm extractEntry lib/reporters/json-cov.js
93 silly gunzTarPerm extractEntry lib/reporters/list.js
94 silly gunzTarPerm extractEntry lib/reporters/json-stream.js
95 silly gunzTarPerm extractEntry lib/reporters/json.js
96 silly gunzTarPerm extractEntry lib/reporters/tap.js
97 silly gunzTarPerm extractEntry lib/reporters/index.js
98 silly gunzTarPerm extractEntry lib/reporters/dot.js
99 silly gunzTarPerm extractEntry lib/reporters/teamcity.js
100 silly gunzTarPerm extractEntry lib/reporters/xunit.js
101 silly gunzTarPerm extractEntry lib/reporters/html.js
102 silly gunzTarPerm extractEntry lib/reporters/progress.js
103 silly gunzTarPerm extractEntry lib/reporters/doc.js
104 silly gunzTarPerm extractEntry lib/reporters/templates/style.html
105 silly gunzTarPerm extractEntry lib/reporters/templates/coverage.jade
106 silly gunzTarPerm extractEntry lib/reporters/templates/menu.jade
107 silly gunzTarPerm extractEntry lib/reporters/templates/script.html
108 silly gunzTarPerm extractEntry lib/browser/events.js
109 silly gunzTarPerm extractEntry lib/browser/fs.js
110 silly gunzTarPerm extractEntry lib/browser/tty.js
111 silly gunzTarPerm extractEntry lib/browser/diff.js
112 silly gunzTarPerm extractEntry lib/browser/path.js
113 silly gunzTarPerm extractEntry lib/browser/debug.js
114 silly gunzTarPerm extractEntry lib/browser/progress.js
115 silly gunzTarPerm extractEntry lib/interfaces/exports.js
116 silly gunzTarPerm extractEntry lib/interfaces/tdd.js
117 silly gunzTarPerm extractEntry lib/interfaces/index.js
118 silly gunzTarPerm extractEntry lib/interfaces/bdd.js
119 silly gunzTarPerm extractEntry lib/interfaces/qunit.js
120 silly gunzTarPerm extractEntry History.md
121 silly gunzTarPerm extractEntry Readme.md
122 verbose read json /vagrant/app/node_modules/mocha/package.json
123 silly lockFile e19c872a-vagrant-app-node-modules-mocha /vagrant/app/node_modules/mocha
124 info preinstall mocha@1.7.3
125 verbose from cache /vagrant/app/node_modules/mocha/package.json
126 verbose readDependencies using package.json deps
127 verbose from cache /vagrant/app/node_modules/mocha/package.json
128 verbose readDependencies using package.json deps
129 verbose cache add [ 'commander@0.6.1', null ]
130 silly cache add name=undefined spec="commander@0.6.1" args=["commander@0.6.1",null]
131 verbose parsed url { pathname: 'commander@0.6.1',
131 verbose parsed url   path: 'commander@0.6.1',
131 verbose parsed url   href: 'commander@0.6.1' }
132 silly cache add name="commander" spec="0.6.1" args=["commander","0.6.1"]
133 verbose parsed url { pathname: '0.6.1', path: '0.6.1', href: '0.6.1' }
134 verbose addNamed [ 'commander', '0.6.1' ]
135 verbose addNamed [ '0.6.1', '0.6.1' ]
136 silly lockFile fa16a2ce-commander-0-6-1 commander@0.6.1
137 verbose lock commander@0.6.1 /home/vagrant/.npm/fa16a2ce-commander-0-6-1.lock
138 verbose cache add [ 'growl@1.6.x', null ]
139 silly cache add name=undefined spec="growl@1.6.x" args=["growl@1.6.x",null]
140 verbose parsed url { pathname: 'growl@1.6.x',
140 verbose parsed url   path: 'growl@1.6.x',
140 verbose parsed url   href: 'growl@1.6.x' }
141 silly cache add name="growl" spec="1.6.x" args=["growl","1.6.x"]
142 verbose parsed url { pathname: '1.6.x', path: '1.6.x', href: '1.6.x' }
143 verbose addNamed [ 'growl', '1.6.x' ]
144 verbose addNamed [ null, '>=1.6.0- <1.7.0-' ]
145 silly lockFile 142e556a-growl-1-6-x growl@1.6.x
146 verbose lock growl@1.6.x /home/vagrant/.npm/142e556a-growl-1-6-x.lock
147 verbose cache add [ 'jade@0.26.3', null ]
148 silly cache add name=undefined spec="jade@0.26.3" args=["jade@0.26.3",null]
149 verbose parsed url { pathname: 'jade@0.26.3',
149 verbose parsed url   path: 'jade@0.26.3',
149 verbose parsed url   href: 'jade@0.26.3' }
150 silly cache add name="jade" spec="0.26.3" args=["jade","0.26.3"]
151 verbose parsed url { pathname: '0.26.3', path: '0.26.3', href: '0.26.3' }
152 verbose addNamed [ 'jade', '0.26.3' ]
153 verbose addNamed [ '0.26.3', '0.26.3' ]
154 silly lockFile 7a3d3ea7-jade-0-26-3 jade@0.26.3
155 verbose lock jade@0.26.3 /home/vagrant/.npm/7a3d3ea7-jade-0-26-3.lock
156 verbose cache add [ 'diff@1.0.2', null ]
157 silly cache add name=undefined spec="diff@1.0.2" args=["diff@1.0.2",null]
158 verbose parsed url { pathname: 'diff@1.0.2',
158 verbose parsed url   path: 'diff@1.0.2',
158 verbose parsed url   href: 'diff@1.0.2' }
159 silly cache add name="diff" spec="1.0.2" args=["diff","1.0.2"]
160 verbose parsed url { pathname: '1.0.2', path: '1.0.2', href: '1.0.2' }
161 verbose addNamed [ 'diff', '1.0.2' ]
162 verbose addNamed [ '1.0.2', '1.0.2' ]
163 silly lockFile 314815e6-diff-1-0-2 diff@1.0.2
164 verbose lock diff@1.0.2 /home/vagrant/.npm/314815e6-diff-1-0-2.lock
165 silly addNameRange { name: 'growl', range: '>=1.6.0- <1.7.0-', hasData: false }
166 verbose url raw commander/0.6.1
167 verbose url resolving [ 'https://registry.npmjs.org/', './commander/0.6.1' ]
168 verbose url resolved https://registry.npmjs.org/commander/0.6.1
169 info trying registry request attempt 1 at 16:11:32
170 verbose etag "GTZB232PHS8O5H1JBATDET4Z"
171 http GET https://registry.npmjs.org/commander/0.6.1
172 verbose url raw growl
173 verbose url resolving [ 'https://registry.npmjs.org/', './growl' ]
174 verbose url resolved https://registry.npmjs.org/growl
175 info trying registry request attempt 1 at 16:11:32
176 verbose etag "8IH54QH85HE0E62KJ8NA0LT8U"
177 http GET https://registry.npmjs.org/growl
178 verbose url raw jade/0.26.3
179 verbose url resolving [ 'https://registry.npmjs.org/', './jade/0.26.3' ]
180 verbose url resolved https://registry.npmjs.org/jade/0.26.3
181 info trying registry request attempt 1 at 16:11:32
182 verbose etag "36FMJTDYFZXCBM0F40O9Y4E17"
183 http GET https://registry.npmjs.org/jade/0.26.3
184 verbose url raw diff/1.0.2
185 verbose url resolving [ 'https://registry.npmjs.org/', './diff/1.0.2' ]
186 verbose url resolved https://registry.npmjs.org/diff/1.0.2
187 info trying registry request attempt 1 at 16:11:32
188 verbose etag "1I1K6FCE9GKBHVMTH46MODNOU"
189 http GET https://registry.npmjs.org/diff/1.0.2
190 verbose cache add [ 'debug@*', null ]
191 silly cache add name=undefined spec="debug@*" args=["debug@*",null]
192 verbose parsed url { pathname: 'debug@*', path: 'debug@*', href: 'debug@*' }
193 silly cache add name="debug" spec="*" args=["debug","*"]
194 verbose parsed url { pathname: '*', path: '*', href: '*' }
195 verbose addNamed [ 'debug', '*' ]
196 verbose addNamed [ null, '' ]
197 silly lockFile 3ac45eff-debug debug@*
198 verbose lock debug@* /home/vagrant/.npm/3ac45eff-debug.lock
199 verbose cache add [ 'mkdirp@0.3.3', null ]
200 silly cache add name=undefined spec="mkdirp@0.3.3" args=["mkdirp@0.3.3",null]
201 verbose parsed url { pathname: 'mkdirp@0.3.3',
201 verbose parsed url   path: 'mkdirp@0.3.3',
201 verbose parsed url   href: 'mkdirp@0.3.3' }
202 silly cache add name="mkdirp" spec="0.3.3" args=["mkdirp","0.3.3"]
203 verbose parsed url { pathname: '0.3.3', path: '0.3.3', href: '0.3.3' }
204 verbose addNamed [ 'mkdirp', '0.3.3' ]
205 verbose addNamed [ '0.3.3', '0.3.3' ]
206 silly lockFile 453bb99b-mkdirp-0-3-3 mkdirp@0.3.3
207 verbose lock mkdirp@0.3.3 /home/vagrant/.npm/453bb99b-mkdirp-0-3-3.lock
208 verbose cache add [ 'ms@0.3.0', null ]
209 silly cache add name=undefined spec="ms@0.3.0" args=["ms@0.3.0",null]
210 verbose parsed url { pathname: 'ms@0.3.0', path: 'ms@0.3.0', href: 'ms@0.3.0' }
211 silly cache add name="ms" spec="0.3.0" args=["ms","0.3.0"]
212 verbose parsed url { pathname: '0.3.0', path: '0.3.0', href: '0.3.0' }
213 verbose addNamed [ 'ms', '0.3.0' ]
214 verbose addNamed [ '0.3.0', '0.3.0' ]
215 silly lockFile e6650cad-ms-0-3-0 ms@0.3.0
216 verbose lock ms@0.3.0 /home/vagrant/.npm/e6650cad-ms-0-3-0.lock
217 silly addNameRange { name: 'debug', range: '', hasData: false }
218 verbose url raw debug
219 verbose url resolving [ 'https://registry.npmjs.org/', './debug' ]
220 verbose url resolved https://registry.npmjs.org/debug
221 info trying registry request attempt 1 at 16:11:32
222 verbose etag "1VV6MMVNM344VBG8CYRJFZAZI"
223 http GET https://registry.npmjs.org/debug
224 verbose url raw mkdirp/0.3.3
225 verbose url resolving [ 'https://registry.npmjs.org/', './mkdirp/0.3.3' ]
226 verbose url resolved https://registry.npmjs.org/mkdirp/0.3.3
227 info trying registry request attempt 1 at 16:11:32
228 verbose etag "AHKPZ9B5R2AVAN24CLVUD937X"
229 http GET https://registry.npmjs.org/mkdirp/0.3.3
230 verbose url raw ms/0.3.0
231 verbose url resolving [ 'https://registry.npmjs.org/', './ms/0.3.0' ]
232 verbose url resolved https://registry.npmjs.org/ms/0.3.0
233 info trying registry request attempt 1 at 16:11:32
234 verbose etag "1SZR3NXAOJAWMJOWMTFEC4LSU"
235 http GET https://registry.npmjs.org/ms/0.3.0
236 http 304 https://registry.npmjs.org/growl
237 silly registry.get cb [ 304,
237 silly registry.get   { server: 'CouchDB/1.2.0 (Erlang OTP/R15B)',
237 silly registry.get     etag: '"8IH54QH85HE0E62KJ8NA0LT8U"',
237 silly registry.get     date: 'Wed, 05 Dec 2012 15:10:49 GMT',
237 silly registry.get     'content-length': '0' } ]
238 verbose etag growl from cache
239 silly addNameRange number 2 { name: 'growl', range: '>=1.6.0- <1.7.0-', hasData: true }
240 silly addNameRange versions [ 'growl',
240 silly addNameRange   [ '1.0.1',
240 silly addNameRange     '1.0.2',
240 silly addNameRange     '1.1.0',
240 silly addNameRange     '1.2.0',
240 silly addNameRange     '1.2.1',
240 silly addNameRange     '1.3.0',
240 silly addNameRange     '1.4.0',
240 silly addNameRange     '1.4.1',
240 silly addNameRange     '1.5.0',
240 silly addNameRange     '1.5.1',
240 silly addNameRange     '1.6.0',
240 silly addNameRange     '1.6.1' ] ]
241 verbose addNamed [ 'growl', '1.6.1' ]
242 verbose addNamed [ '1.6.1', '1.6.1' ]
243 silly lockFile b5817e87-growl-1-6-1 growl@1.6.1
244 verbose lock growl@1.6.1 /home/vagrant/.npm/b5817e87-growl-1-6-1.lock
245 verbose read json /home/vagrant/.npm/growl/1.6.1/package/package.json
246 silly lockFile b5817e87-growl-1-6-1 growl@1.6.1
247 silly lockFile 142e556a-growl-1-6-x growl@1.6.x
248 http 304 https://registry.npmjs.org/diff/1.0.2
249 silly registry.get cb [ 304,
249 silly registry.get   { server: 'CouchDB/1.2.0 (Erlang OTP/R15B)',
249 silly registry.get     etag: '"1I1K6FCE9GKBHVMTH46MODNOU"',
249 silly registry.get     date: 'Wed, 05 Dec 2012 15:10:49 GMT',
249 silly registry.get     'content-length': '0' } ]
250 verbose etag diff/1.0.2 from cache
251 verbose read json /home/vagrant/.npm/diff/1.0.2/package/package.json
252 silly lockFile 314815e6-diff-1-0-2 diff@1.0.2
253 http 304 https://registry.npmjs.org/commander/0.6.1
254 silly registry.get cb [ 304,
254 silly registry.get   { server: 'CouchDB/1.2.0 (Erlang OTP/R15B)',
254 silly registry.get     etag: '"GTZB232PHS8O5H1JBATDET4Z"',
254 silly registry.get     date: 'Wed, 05 Dec 2012 15:10:49 GMT',
254 silly registry.get     'content-length': '0' } ]
255 verbose etag commander/0.6.1 from cache
256 verbose read json /home/vagrant/.npm/commander/0.6.1/package/package.json
257 silly lockFile fa16a2ce-commander-0-6-1 commander@0.6.1
258 http 304 https://registry.npmjs.org/debug
259 silly registry.get cb [ 304,
259 silly registry.get   { server: 'CouchDB/1.2.0 (Erlang OTP/R15B)',
259 silly registry.get     etag: '"1VV6MMVNM344VBG8CYRJFZAZI"',
259 silly registry.get     date: 'Wed, 05 Dec 2012 15:10:49 GMT',
259 silly registry.get     'content-length': '0' } ]
260 verbose etag debug from cache
261 silly addNameRange number 2 { name: 'debug', range: '', hasData: true }
262 silly addNameRange versions [ 'debug',
262 silly addNameRange   [ '0.0.1',
262 silly addNameRange     '0.1.0',
262 silly addNameRange     '0.2.0',
262 silly addNameRange     '0.3.0',
262 silly addNameRange     '0.4.0',
262 silly addNameRange     '0.4.1',
262 silly addNameRange     '0.5.0',
262 silly addNameRange     '0.6.0',
262 silly addNameRange     '0.7.0' ] ]
263 verbose addNamed [ 'debug', '0.7.0' ]
264 verbose addNamed [ '0.7.0', '0.7.0' ]
265 silly lockFile a3c3658f-debug-0-7-0 debug@0.7.0
266 verbose lock debug@0.7.0 /home/vagrant/.npm/a3c3658f-debug-0-7-0.lock
267 verbose read json /home/vagrant/.npm/debug/0.7.0/package/package.json
268 silly lockFile a3c3658f-debug-0-7-0 debug@0.7.0
269 silly lockFile 3ac45eff-debug debug@*
270 http 304 https://registry.npmjs.org/jade/0.26.3
271 silly registry.get cb [ 304,
271 silly registry.get   { server: 'CouchDB/1.2.0 (Erlang OTP/R15B)',
271 silly registry.get     etag: '"36FMJTDYFZXCBM0F40O9Y4E17"',
271 silly registry.get     date: 'Wed, 05 Dec 2012 15:10:49 GMT',
271 silly registry.get     'content-length': '0' } ]
272 verbose etag jade/0.26.3 from cache
273 verbose read json /home/vagrant/.npm/jade/0.26.3/package/package.json
274 warn package.json jade@0.26.3 No README.md file found!
275 silly lockFile 7a3d3ea7-jade-0-26-3 jade@0.26.3
276 http 304 https://registry.npmjs.org/mkdirp/0.3.3
277 silly registry.get cb [ 304,
277 silly registry.get   { server: 'CouchDB/1.2.0 (Erlang OTP/R15B)',
277 silly registry.get     etag: '"AHKPZ9B5R2AVAN24CLVUD937X"',
277 silly registry.get     date: 'Wed, 05 Dec 2012 15:10:49 GMT',
277 silly registry.get     'content-length': '0' } ]
278 verbose etag mkdirp/0.3.3 from cache
279 verbose read json /home/vagrant/.npm/mkdirp/0.3.3/package/package.json
280 silly lockFile 453bb99b-mkdirp-0-3-3 mkdirp@0.3.3
281 http 304 https://registry.npmjs.org/ms/0.3.0
282 silly registry.get cb [ 304,
282 silly registry.get   { server: 'CouchDB/1.2.0 (Erlang OTP/R15B)',
282 silly registry.get     etag: '"1SZR3NXAOJAWMJOWMTFEC4LSU"',
282 silly registry.get     date: 'Wed, 05 Dec 2012 15:10:49 GMT',
282 silly registry.get     'content-length': '0' } ]
283 verbose etag ms/0.3.0 from cache
284 verbose read json /home/vagrant/.npm/ms/0.3.0/package/package.json
285 silly lockFile e6650cad-ms-0-3-0 ms@0.3.0
286 silly resolved [ { name: 'growl',
286 silly resolved     version: '1.6.1',
286 silly resolved     description: 'Growl unobtrusive notifications',
286 silly resolved     author: { name: 'TJ Holowaychuk', email: 'tj@vision-media.ca' },
286 silly resolved     main: './lib/growl.js',
286 silly resolved     readme: '# Growl for nodejs\n\nGrowl support for Nodejs. This is essentially a port of my [Ruby Growl Library](http://github.com/visionmedia/growl). Ubuntu/Linux support added thanks to [@niftylettuce](http://github.com/niftylettuce). \n\n## Installation\n\n### Install \n\n### Mac OS X (Darwin):\n\n  Install [growlnotify(1)](http://growl.info/extras.php#growlnotify). On OS X 10.8, Notification Center is supported using [terminal-notifier](https://github.com/alloy/terminal-notifier). To install:\n  \n      $ sudo gem install terminal-notifier\n      \n  Install [npm](http://npmjs.org/) and run:\n  \n      $ npm install growl\n\n### Ubuntu (Linux):\n\n  Install `notify-send` through the [libnotify-bin](http://packages.ubuntu.com/libnotify-bin) package:\n\n      $ sudo apt-get install libnotify-bin\n\n  Install [npm](http://npmjs.org/) and run:\n  \n      $ npm install growl\n\n### Windows:\n\n  Download and install [Growl for Windows](http://www.growlforwindows.com/gfw/default.aspx)\n\n  Download [growlnotify](http://www.growlforwindows.com/gfw/help/growlnotify.aspx) - **IMPORTANT :** Unpack growlnotify to a folder that is present in your path!\n\n  Install [npm](http://npmjs.org/) and run:\n  \n      $ npm install growl\n\n## Examples\n\nCallback functions are optional\n\n    var growl = require(\'growl\')\n    growl(\'You have mail!\')\n    growl(\'5 new messages\', { sticky: true })\n    growl(\'5 new emails\', { title: \'Email Client\', image: \'Safari\', sticky: true })\n    growl(\'Message with title\', { title: \'Title\'})\n    growl(\'Set priority\', { priority: 2 })\n    growl(\'Show Safari icon\', { image: \'Safari\' })\n    growl(\'Show icon\', { image: \'path/to/icon.icns\' })\n    growl(\'Show image\', { image: \'path/to/my.image.png\' })\n    growl(\'Show png filesystem icon\', { image: \'png\' })\n    growl(\'Show pdf filesystem icon\', { image: \'article.pdf\' })\n    growl(\'Show pdf filesystem icon\', { image: \'article.pdf\' }, function(err){\n      // ... notified\n    })\n\n## Options\n\n  - title\n    - notification title\n  - name\n    - application name\n  - priority\n    - priority for the notification (default is 0)\n  - sticky\n    - weither or not the notification should remainin until closed\n  - image\n    - Auto-detects the context:\n      - path to an icon sets --iconpath\n      - path to an image sets --image\n      - capitalized word sets --appIcon\n      - filename uses extname as --icon\n      - otherwise treated as --icon\n      \n## License \n\n(The MIT License)\n\nCopyright (c) 2009 TJ Holowaychuk <tj@vision-media.ca>\n\nPermission is hereby granted, free of charge, to any person obtaining\na copy of this software and associated documentation files (the\n\'Software\'), to deal in the Software without restriction, including\nwithout limitation the rights to use, copy, modify, merge, publish,\ndistribute, sublicense, and/or sell copies of the Software, and to\npermit persons to whom the Software is furnished to do so, subject to\nthe following conditions:\n\nThe above copyright notice and this permission notice shall be\nincluded in all copies or substantial portions of the Software.\n\nTHE SOFTWARE IS PROVIDED \'AS IS\', WITHOUT WARRANTY OF ANY KIND,\nEXPRESS OR IMPLIED, INCLUDING BUT NOT LIMITED TO THE WARRANTIES OF\nMERCHANTABILITY, FITNESS FOR A PARTICULAR PURPOSE AND NONINFRINGEMENT.\nIN NO EVENT SHALL THE AUTHORS OR COPYRIGHT HOLDERS BE LIABLE FOR ANY\nCLAIM, DAMAGES OR OTHER LIABILITY, WHETHER IN AN ACTION OF CONTRACT,\nTORT OR OTHERWISE, ARISING FROM, OUT OF OR IN CONNECTION WITH THE\nSOFTWARE OR THE USE OR OTHER DEALINGS IN THE SOFTWARE.\n',
286 silly resolved     _id: 'growl@1.6.1',
286 silly resolved     _from: 'growl@1.6.x' },
286 silly resolved   { name: 'diff',
286 silly resolved     version: '1.0.2',
286 silly resolved     description: 'A javascript text diff implementation.',
286 silly resolved     keywords: [ 'diff', 'javascript' ],
286 silly resolved     maintainers: [ [Object] ],
286 silly resolved     bugs:
286 silly resolved      { email: 'kpdecker@gmail.com',
286 silly resolved        url: 'http://github.com/kpdecker/jsdiff/issues' },
286 silly resolved     licenses: [ [Object] ],
286 silly resolved     repository: { type: 'git', url: 'git://github.com/kpdecker/jsdiff.git' },
286 silly resolved     engines: { node: '>=0.3.1' },
286 silly resolved     main: './diff',
286 silly resolved     scripts: { test: 'expresso test/*' },
286 silly resolved     dependencies: {},
286 silly resolved     devDependencies: {},
286 silly resolved     readme: '# jsdiff\n\nA javascript text differencing implementation.\n\nBased on the algorithm proposed in\n["An O(ND) Difference Algorithm and its Variations" (Myers, 1986)](http://citeseerx.ist.psu.edu/viewdoc/summary?doi=10.1.1.4.6927).\n\n## Installation\n\n    npm install diff\n\nor\n\n    git clone git://github.com/kpdecker/jsdiff.git\n\n## API\n\n* JsDiff.diffChars(oldStr, newStr)\n    Diffs two blocks of text, comparing character by character.\n\n    Returns a list of change objects (See below).\n\n* JsDiff.diffWords(oldStr, newStr)\n    Diffs two blocks of text, comparing word by word.\n\n    Returns a list of change objects (See below).\n\n* JsDiff.diffLines(oldStr, newStr)\n    Diffs two blocks of text, comparing line by line.\n\n    Returns a list of change objects (See below).\n\n* JsDiff.diffCss(oldStr, newStr)\n    Diffs two blocks of text, comparing CSS tokens.\n\n    Returns a list of change objects (See below).\n\n* JsDiff.createPatch(fileName, oldStr, newStr, oldHeader, newHeader)\n    Creates a unified diff patch.\n\n    Parameters:\n    * fileName : String to be output in the filename sections of the patch\n    * oldStr : Original string value\n    * newStr : New string value\n    * oldHeader : Additional information to include in the old file header\n    * newHeader : Additional information to include in thew new file header\n\n* convertChangesToXML(changes)\n    Converts a list of changes to a serialized XML format\n\n### Change Objects\nMany of the methods above return change objects. These objects are consist of the following fields:\n\n* value: Text content\n* added: True if the value was inserted into the new string\n* removed: True of the value was removed from the old string\n\nNote that some cases may omit a particular flag field. Comparison on the flag fields should always be done in a truthy or falsy manner.\n\n## [Example](http://kpdecker.github.com/jsdiff)\n\n## License\n\nSoftware License Agreement (BSD License)\n\nCopyright (c) 2009-2011, Kevin Decker kpdecker@gmail.com\n\nAll rights reserved.\n\nRedistribution and use of this software in source and binary forms, with or without modification,\nare permitted provided that the following conditions are met:\n\n* Redistributions of source code must retain the above\n  copyright notice, this list of conditions and the\n  following disclaimer.\n\n* Redistributions in binary form must reproduce the above\n  copyright notice, this list of conditions and the\n  following disclaimer in the documentation and/or other\n  materials provided with the distribution.\n\n* Neither the name of Kevin Decker nor the names of its\n  contributors may be used to endorse or promote products\n  derived from this software without specific prior\n  written permission.\n\nTHIS SOFTWARE IS PROVIDED BY THE COPYRIGHT HOLDERS AND CONTRIBUTORS "AS IS" AND ANY EXPRESS OR\nIMPLIED WARRANTIES, INCLUDING, BUT NOT LIMITED TO, THE IMPLIED WARRANTIES OF MERCHANTABILITY AND\nFITNESS FOR A PARTICULAR PURPOSE ARE DISCLAIMED. IN NO EVENT SHALL THE COPYRIGHT OWNER OR\nCONTRIBUTORS BE LIABLE FOR ANY DIRECT, INDIRECT, INCIDENTAL, SPECIAL, EXEMPLARY, OR CONSEQUENTIAL\nDAMAGES (INCLUDING, BUT NOT LIMITED TO, PROCUREMENT OF SUBSTITUTE GOODS OR SERVICES; LOSS OF USE,\nDATA, OR PROFITS; OR BUSINESS INTERRUPTION) HOWEVER CAUSED AND ON ANY THEORY OF LIABILITY, WHETHER\nIN CONTRACT, STRICT LIABILITY, OR TORT (INCLUDING NEGLIGENCE OR OTHERWISE) ARISING IN ANY WAY OUT\nOF THE USE OF THIS SOFTWARE, EVEN IF ADVISED OF THE POSSIBILITY OF SUCH DAMAGE.\n',
286 silly resolved     _id: 'diff@1.0.2',
286 silly resolved     _from: 'diff@1.0.2' },
286 silly resolved   { name: 'commander',
286 silly resolved     version: '0.6.1',
286 silly resolved     description: 'the complete solution for node.js command-line programs',
286 silly resolved     keywords: [ 'command', 'option', 'parser', 'prompt', 'stdin' ],
286 silly resolved     author: { name: 'TJ Holowaychuk', email: 'tj@vision-media.ca' },
286 silly resolved     repository:
286 silly resolved      { type: 'git',
286 silly resolved        url: 'https://github.com/visionmedia/commander.js.git' },
286 silly resolved     dependencies: {},
286 silly resolved     devDependencies: { should: '>= 0.0.1' },
286 silly resolved     scripts: { test: 'make test' },
286 silly resolved     main: 'index',
286 silly resolved     engines: { node: '>= 0.4.x' },
286 silly resolved     readme: '# Commander.js\n\n  The complete solution for [node.js](http://nodejs.org) command-line interfaces, inspired by Ruby\'s [commander](https://github.com/visionmedia/commander).\n\n [![Build Status](https://secure.travis-ci.org/visionmedia/commander.js.png)](http://travis-ci.org/visionmedia/commander.js)\n\n## Installation\n\n    $ npm install commander\n\n## Option parsing\n\n Options with commander are defined with the `.option()` method, also serving as documentation for the options. The example below parses args and options from `process.argv`, leaving remaining args as the `program.args` array which were not consumed by options.\n\n```js\n#!/usr/bin/env node\n\n/**\n * Module dependencies.\n */\n\nvar program = require(\'commander\');\n\nprogram\n  .version(\'0.0.1\')\n  .option(\'-p, --peppers\', \'Add peppers\')\n  .option(\'-P, --pineapple\', \'Add pineapple\')\n  .option(\'-b, --bbq\', \'Add bbq sauce\')\n  .option(\'-c, --cheese [type]\', \'Add the specified type of cheese [marble]\', \'marble\')\n  .parse(process.argv);\n\nconsole.log(\'you ordered a pizza with:\');\nif (program.peppers) console.log(\'  - peppers\');\nif (program.pineapple) console.log(\'  - pineappe\');\nif (program.bbq) console.log(\'  - bbq\');\nconsole.log(\'  - %s cheese\', program.cheese);\n```\n\n Short flags may be passed as a single arg, for example `-abc` is equivalent to `-a -b -c`. Multi-word options such as "--template-engine" are camel-cased, becoming `program.templateEngine` etc.\n\n## Automated --help\n\n The help information is auto-generated based on the information commander already knows about your program, so the following `--help` info is for free:\n\n```  \n $ ./examples/pizza --help\n\n   Usage: pizza [options]\n\n   Options:\n\n     -V, --version        output the version number\n     -p, --peppers        Add peppers\n     -P, --pineapple      Add pineappe\n     -b, --bbq            Add bbq sauce\n     -c, --cheese <type>  Add the specified type of cheese [marble]\n     -h, --help           output usage information\n\n```\n\n## Coercion\n\n```js\nfunction range(val) {\n  return val.split(\'..\').map(Number);\n}\n\nfunction list(val) {\n  return val.split(\',\');\n}\n\nprogram\n  .version(\'0.0.1\')\n  .usage(\'[options] <file ...>\')\n  .option(\'-i, --integer <n>\', \'An integer argument\', parseInt)\n  .option(\'-f, --float <n>\', \'A float argument\', parseFloat)\n  .option(\'-r, --range <a>..<b>\', \'A range\', range)\n  .option(\'-l, --list <items>\', \'A list\', list)\n  .option(\'-o, --optional [value]\', \'An optional value\')\n  .parse(process.argv);\n\nconsole.log(\' int: %j\', program.integer);\nconsole.log(\' float: %j\', program.float);\nconsole.log(\' optional: %j\', program.optional);\nprogram.range = program.range || [];\nconsole.log(\' range: %j..%j\', program.range[0], program.range[1]);\nconsole.log(\' list: %j\', program.list);\nconsole.log(\' args: %j\', program.args);\n```\n\n## Custom help\n\n You can display arbitrary `-h, --help` information\n by listening for "--help". Commander will automatically\n exit once you are done so that the remainder of your program\n does not execute causing undesired behaviours, for example\n in the following executable "stuff" will not output when\n `--help` is used.\n\n```js\n#!/usr/bin/env node\n\n/**\n * Module dependencies.\n */\n\nvar program = require(\'../\');\n\nfunction list(val) {\n  return val.split(\',\').map(Number);\n}\n\nprogram\n  .version(\'0.0.1\')\n  .option(\'-f, --foo\', \'enable some foo\')\n  .option(\'-b, --bar\', \'enable some bar\')\n  .option(\'-B, --baz\', \'enable some baz\');\n\n// must be before .parse() since\n// node\'s emit() is immediate\n\nprogram.on(\'--help\', function(){\n  console.log(\'  Examples:\');\n  console.log(\'\');\n  console.log(\'    $ custom-help --help\');\n  console.log(\'    $ custom-help -h\');\n  console.log(\'\');\n});\n\nprogram.parse(process.argv);\n\nconsole.log(\'stuff\');\n```\n\nyielding the following help output:\n\n```\n\nUsage: custom-help [options]\n\nOptions:\n\n  -h, --help     output usage information\n  -V, --version  output the version number\n  -f, --foo      enable some foo\n  -b, --bar      enable some bar\n  -B, --baz      enable some baz\n\nExamples:\n\n  $ custom-help --help\n  $ custom-help -h\n\n```\n\n## .prompt(msg, fn)\n\n Single-line prompt:\n\n```js\nprogram.prompt(\'name: \', function(name){\n  console.log(\'hi %s\', name);\n});\n```\n\n Multi-line prompt:\n\n```js\nprogram.prompt(\'description:\', function(name){\n  console.log(\'hi %s\', name);\n});\n```\n\n Coercion:\n\n```js\nprogram.prompt(\'Age: \', Number, function(age){\n  console.log(\'age: %j\', age);\n});\n```\n\n```js\nprogram.prompt(\'Birthdate: \', Date, function(date){\n  console.log(\'date: %s\', date);\n});\n```\n\n## .password(msg[, mask], fn)\n\nPrompt for password without echoing:\n\n```js\nprogram.password(\'Password: \', function(pass){\n  console.log(\'got "%s"\', pass);\n  process.stdin.destroy();\n});\n```\n\nPrompt for password with mask char "*":\n\n```js\nprogram.password(\'Password: \', \'*\', function(pass){\n  console.log(\'got "%s"\', pass);\n  process.stdin.destroy();\n});\n```\n\n## .confirm(msg, fn)\n\n Confirm with the given `msg`:\n\n```js\nprogram.confirm(\'continue? \', function(ok){\n  console.log(\' got %j\', ok);\n});\n```\n\n## .choose(list, fn)\n\n Let the user choose from a `list`:\n\n```js\nvar list = [\'tobi\', \'loki\', \'jane\', \'manny\', \'luna\'];\n\nconsole.log(\'Choose the coolest pet:\');\nprogram.choose(list, function(i){\n  console.log(\'you chose %d "%s"\', i, list[i]);\n});\n```\n\n## Links\n\n - [API documentation](http://visionmedia.github.com/commander.js/)\n - [ascii tables](https://github.com/LearnBoost/cli-table)\n - [progress bars](https://github.com/visionmedia/node-progress)\n - [more progress bars](https://github.com/substack/node-multimeter)\n - [examples](https://github.com/visionmedia/commander.js/tree/master/examples)\n\n## License \n\n(The MIT License)\n\nCopyright (c) 2011 TJ Holowaychuk &lt;tj@vision-media.ca&gt;\n\nPermission is hereby granted, free of charge, to any person obtaining\na copy of this software and associated documentation files (the\n\'Software\'), to deal in the Software without restriction, including\nwithout limitation the rights to use, copy, modify, merge, publish,\ndistribute, sublicense, and/or sell copies of the Software, and to\npermit persons to whom the Software is furnished to do so, subject to\nthe following conditions:\n\nThe above copyright notice and this permission notice shall be\nincluded in all copies or substantial portions of the Software.\n\nTHE SOFTWARE IS PROVIDED \'AS IS\', WITHOUT WARRANTY OF ANY KIND,\nEXPRESS OR IMPLIED, INCLUDING BUT NOT LIMITED TO THE WARRANTIES OF\nMERCHANTABILITY, FITNESS FOR A PARTICULAR PURPOSE AND NONINFRINGEMENT.\nIN NO EVENT SHALL THE AUTHORS OR COPYRIGHT HOLDERS BE LIABLE FOR ANY\nCLAIM, DAMAGES OR OTHER LIABILITY, WHETHER IN AN ACTION OF CONTRACT,\nTORT OR OTHERWISE, ARISING FROM, OUT OF OR IN CONNECTION WITH THE\nSOFTWARE OR THE USE OR OTHER DEALINGS IN THE SOFTWARE.',
286 silly resolved     _id: 'commander@0.6.1',
286 silly resolved     _from: 'commander@0.6.1' },
286 silly resolved   { name: 'debug',
286 silly resolved     version: '0.7.0',
286 silly resolved     description: 'small debugging utility',
286 silly resolved     keywords: [ 'debug', 'log', 'debugger' ],
286 silly resolved     author: { name: 'TJ Holowaychuk', email: 'tj@vision-media.ca' },
286 silly resolved     dependencies: {},
286 silly resolved     devDependencies: { mocha: '*' },
286 silly resolved     main: 'index',
286 silly resolved     browserify: 'debug.component.js',
286 silly resolved     engines: { node: '*' },
286 silly resolved     component: { scripts: [Object] },
286 silly resolved     readme: '\n# debug\n\n  tiny node.js debugging utility.\n\n## Installation\n\n```\n$ npm install debug\n```\n\n## Example\n\n  This module is modelled after node core\'s debugging technique, allowing you to enable one or more topic-specific debugging functions, for example core does the following within many modules:\n\n```js\nvar debug;\nif (process.env.NODE_DEBUG && /cluster/.test(process.env.NODE_DEBUG)) {\n  debug = function(x) {\n    var prefix = process.pid + \',\' +\n        (process.env.NODE_WORKER_ID ? \'Worker\' : \'Master\');\n    console.error(prefix, x);\n  };\n} else {\n  debug = function() { };\n}\n```\n\n This concept is extremely simple but it works well. With `debug` you simply invoke the exported function to generate your debug function, passing it a name which will determine if a noop function is returned, or a decorated `console.error`, so all of the `console` format string goodies you\'re used to work fine. A unique color is selected per-function for visibility.\n \nExample _app.js_:\n\n```js\nvar debug = require(\'debug\')(\'http\')\n  , http = require(\'http\')\n  , name = \'My App\';\n\n// fake app\n\ndebug(\'booting %s\', name);\n\nhttp.createServer(function(req, res){\n  debug(req.method + \' \' + req.url);\n  res.end(\'hello\\n\');\n}).listen(3000, function(){\n  debug(\'listening\');\n});\n\n// fake worker of some kind\n\nrequire(\'./worker\');\n```\n\nExample _worker.js_:\n\n```js\nvar debug = require(\'debug\')(\'worker\');\n\nsetInterval(function(){\n  debug(\'doing some work\');\n}, 1000);\n```\n\n The __DEBUG__ environment variable is then used to enable these based on space or comma-delimited names. Here are some examples:\n\n  ![debug http and worker](http://f.cl.ly/items/18471z1H402O24072r1J/Screenshot.png)\n\n  ![debug worker](http://f.cl.ly/items/1X413v1a3M0d3C2c1E0i/Screenshot.png)\n\n## Millisecond diff\n\n  When actively developing an application it can be useful to see when the time spent between one `debug()` call and the next. Suppose for example you invoke `debug()` before requesting a resource, and after as well, the "+NNNms" will show you how much time was spent between calls.\n\n  ![](http://f.cl.ly/items/2i3h1d3t121M2Z1A3Q0N/Screenshot.png)\n\n  When stdout is not a TTY, `Date#toUTCString()` is used, making it more useful for logging the debug information as shown below:\n  \n  ![](http://f.cl.ly/items/112H3i0e0o0P0a2Q2r11/Screenshot.png)\n\n## Conventions\n\n If you\'re using this in one or more of your libraries, you _should_ use the name of your library so that developers may toggle debugging as desired without guessing names. If you have more than one debuggers you _should_ prefix them with your library name and use ":" to separate features. For example "bodyParser" from Connect would then be "connect:bodyParser". \n\n## Wildcards\n\n  The "*" character may be used as a wildcard. Suppose for example your library has debuggers named "connect:bodyParser", "connect:compress", "connect:session", instead of listing all three with `DEBUG=connect:bodyParser,connect.compress,connect:session`, you may simply do `DEBUG=connect:*`, or to run everything using this module simply use `DEBUG=*`.\n\n  You can also exclude specific debuggers by prefixing them with a "-" character.  For example, `DEBUG=* -connect:*` would include all debuggers except those starting with "connect:".\n\n## Browser support\n\n Debug works in the browser as well, currently persisted by `localStorage`. For example if you have `worker:a` and `worker:b` as shown below, and wish to debug both type `debug.enable(\'worker:*\')` in the console and refresh the page, this will remain until you disable with `debug.disable()`. \n\n```js\na = debug(\'worker:a\');\nb = debug(\'worker:b\');\n\nsetInterval(function(){\n  a(\'doing some work\');\n}, 1000);\n\nsetInterval(function(){\n  a(\'doing some work\');\n}, 1200);\n```\n\n## License \n\n(The MIT License)\n\nCopyright (c) 2011 TJ Holowaychuk &lt;tj@vision-media.ca&gt;\n\nPermission is hereby granted, free of charge, to any person obtaining\na copy of this software and associated documentation files (the\n\'Software\'), to deal in the Software without restriction, including\nwithout limitation the rights to use, copy, modify, merge, publish,\ndistribute, sublicense, and/or sell copies of the Software, and to\npermit persons to whom the Software is furnished to do so, subject to\nthe following conditions:\n\nThe above copyright notice and this permission notice shall be\nincluded in all copies or substantial portions of the Software.\n\nTHE SOFTWARE IS PROVIDED \'AS IS\', WITHOUT WARRANTY OF ANY KIND,\nEXPRESS OR IMPLIED, INCLUDING BUT NOT LIMITED TO THE WARRANTIES OF\nMERCHANTABILITY, FITNESS FOR A PARTICULAR PURPOSE AND NONINFRINGEMENT.\nIN NO EVENT SHALL THE AUTHORS OR COPYRIGHT HOLDERS BE LIABLE FOR ANY\nCLAIM, DAMAGES OR OTHER LIABILITY, WHETHER IN AN ACTION OF CONTRACT,\nTORT OR OTHERWISE, ARISING FROM, OUT OF OR IN CONNECTION WITH THE\nSOFTWARE OR THE USE OR OTHER DEALINGS IN THE SOFTWARE.',
286 silly resolved     _id: 'debug@0.7.0',
286 silly resolved     _from: 'debug@*' },
286 silly resolved   { name: 'jade',
286 silly resolved     description: 'Jade template engine',
286 silly resolved     version: '0.26.3',
286 silly resolved     author: { name: 'TJ Holowaychuk', email: 'tj@vision-media.ca' },
286 silly resolved     repository: { type: 'git', url: 'git://github.com/visionmedia/jade' },
286 silly resolved     main: './index.js',
286 silly resolved     bin: { jade: './bin/jade' },
286 silly resolved     man: [ './jade.1' ],
286 silly resolved     dependencies: { commander: '0.6.1', mkdirp: '0.3.0' },
286 silly resolved     devDependencies:
286 silly resolved      { mocha: '*',
286 silly resolved        markdown: '*',
286 silly resolved        stylus: '*',
286 silly resolved        uubench: '*',
286 silly resolved        should: '*',
286 silly resolved        less: '*',
286 silly resolved        'uglify-js': '*' },
286 silly resolved     component: { scripts: [Object] },
286 silly resolved     scripts: { prepublish: 'npm prune' },
286 silly resolved     _id: 'jade@0.26.3',
286 silly resolved     readme: 'ERROR: No README.md file found!',
286 silly resolved     _from: 'jade@0.26.3' },
286 silly resolved   { name: 'mkdirp',
286 silly resolved     description: 'Recursively mkdir, like `mkdir -p`',
286 silly resolved     version: '0.3.3',
286 silly resolved     author:
286 silly resolved      { name: 'James Halliday',
286 silly resolved        email: 'mail@substack.net',
286 silly resolved        url: 'http://substack.net' },
286 silly resolved     main: './index',
286 silly resolved     keywords: [ 'mkdir', 'directory' ],
286 silly resolved     repository:
286 silly resolved      { type: 'git',
286 silly resolved        url: 'http://github.com/substack/node-mkdirp.git' },
286 silly resolved     scripts: { test: 'tap test/*.js' },
286 silly resolved     devDependencies: { tap: '~0.2.4' },
286 silly resolved     license: 'MIT/X11',
286 silly resolved     engines: { node: '*' },
286 silly resolved     readme: 'mkdirp\n======\n\nLike `mkdir -p`, but in node.js!\n\n[![build status](https://secure.travis-ci.org/substack/node-mkdirp.png)](http://travis-ci.org/substack/node-mkdirp)\n\nexample\n=======\n\npow.js\n------\n    var mkdirp = require(\'mkdirp\');\n    \n    mkdirp(\'/tmp/foo/bar/baz\', function (err) {\n        if (err) console.error(err)\n        else console.log(\'pow!\')\n    });\n\nOutput\n    pow!\n\nAnd now /tmp/foo/bar/baz exists, huzzah!\n\nmethods\n=======\n\nvar mkdirp = require(\'mkdirp\');\n\nmkdirp(dir, mode, cb)\n---------------------\n\nCreate a new directory and any necessary subdirectories at `dir` with octal\npermission string `mode`.\n\nIf `mode` isn\'t specified, it defaults to `0777 & (~process.umask())`.\n\n`cb(err, made)` fires with the error or the first directory `made`\nthat had to be created, if any.\n\nmkdirp.sync(dir, mode)\n----------------------\n\nSynchronously create a new directory and any necessary subdirectories at `dir`\nwith octal permission string `mode`.\n\nIf `mode` isn\'t specified, it defaults to `0777 & (~process.umask())`.\n\nReturns the first directory that had to be created, if any.\n\ninstall\n=======\n\nWith [npm](http://npmjs.org) do:\n\n    npm install mkdirp\n\nlicense\n=======\n\nMIT/X11\n',
286 silly resolved     _id: 'mkdirp@0.3.3',
286 silly resolved     _from: 'mkdirp@0.3.3' },
286 silly resolved   { name: 'ms',
286 silly resolved     version: '0.3.0',
286 silly resolved     description: 'Tiny ms conversion utility',
286 silly resolved     main: './ms',
286 silly resolved     devDependencies: { mocha: '*', 'expect.js': '*', serve: '*' },
286 silly resolved     readme: '# ms.js: miliseconds conversion utility\n\n```js\nms(\'1d\')      // 86400000\nms(\'10h\')     // 36000000\nms(\'2h\')      // 7200000\nms(\'1m\')      // 60000\nms(\'5s\')      // 5000\nms(\'100\')     // 100\nms(100)       // 100\n```\n\n```js\nms(60000)             // "1 minute"\nms(2 * 60000)         // "2 minutes"\nms(ms(\'10 hours\'))    // "10 hours"\n```\n\n- Node/Browser compatible. Published as `ms` in NPM.\n- If a number is supplied to `ms`, it returns it immediately.\n- If a string that contains the number is supplied, it returns it as\na number (e.g: it returns `100` for `\'100\'`).\n- If you pass a string with a number and a valid unit, the number of\nequivalent ms is returned.\n',
286 silly resolved     _id: 'ms@0.3.0',
286 silly resolved     _from: 'ms@0.3.0' } ]
287 info install growl@1.6.1 into /vagrant/app/node_modules/mocha
288 info install diff@1.0.2 into /vagrant/app/node_modules/mocha
289 info install commander@0.6.1 into /vagrant/app/node_modules/mocha
290 info install debug@0.7.0 into /vagrant/app/node_modules/mocha
291 info install jade@0.26.3 into /vagrant/app/node_modules/mocha
292 info install mkdirp@0.3.3 into /vagrant/app/node_modules/mocha
293 info install ms@0.3.0 into /vagrant/app/node_modules/mocha
294 info installOne growl@1.6.1
295 info installOne diff@1.0.2
296 info installOne commander@0.6.1
297 info installOne debug@0.7.0
298 info installOne jade@0.26.3
299 info installOne mkdirp@0.3.3
300 info installOne ms@0.3.0
301 verbose from cache /home/vagrant/.npm/growl/1.6.1/package/package.json
302 verbose from cache /home/vagrant/.npm/diff/1.0.2/package/package.json
303 verbose from cache /home/vagrant/.npm/commander/0.6.1/package/package.json
304 verbose from cache /home/vagrant/.npm/debug/0.7.0/package/package.json
305 verbose from cache /home/vagrant/.npm/jade/0.26.3/package/package.json
306 verbose from cache /home/vagrant/.npm/mkdirp/0.3.3/package/package.json
307 verbose from cache /home/vagrant/.npm/ms/0.3.0/package/package.json
308 info /vagrant/app/node_modules/mocha/node_modules/growl unbuild
309 verbose read json /vagrant/app/node_modules/mocha/node_modules/growl/package.json
310 info /vagrant/app/node_modules/mocha/node_modules/diff unbuild
311 verbose read json /vagrant/app/node_modules/mocha/node_modules/diff/package.json
312 info /vagrant/app/node_modules/mocha/node_modules/commander unbuild
313 verbose read json /vagrant/app/node_modules/mocha/node_modules/commander/package.json
314 info /vagrant/app/node_modules/mocha/node_modules/debug unbuild
315 verbose read json /vagrant/app/node_modules/mocha/node_modules/debug/package.json
316 info /vagrant/app/node_modules/mocha/node_modules/jade unbuild
317 verbose read json /vagrant/app/node_modules/mocha/node_modules/jade/package.json
318 info /vagrant/app/node_modules/mocha/node_modules/mkdirp unbuild
319 verbose read json /vagrant/app/node_modules/mocha/node_modules/mkdirp/package.json
320 info /vagrant/app/node_modules/mocha/node_modules/ms unbuild
321 verbose read json /vagrant/app/node_modules/mocha/node_modules/ms/package.json
322 verbose tar unpack /home/vagrant/.npm/growl/1.6.1/package.tgz
323 verbose tar unpack /home/vagrant/.npm/diff/1.0.2/package.tgz
324 verbose tar unpack /home/vagrant/.npm/commander/0.6.1/package.tgz
325 verbose tar unpack /home/vagrant/.npm/debug/0.7.0/package.tgz
326 verbose tar unpack /home/vagrant/.npm/jade/0.26.3/package.tgz
327 verbose tar unpack /home/vagrant/.npm/mkdirp/0.3.3/package.tgz
328 verbose tar unpack /home/vagrant/.npm/ms/0.3.0/package.tgz
329 silly lockFile f28a774e-modules-mocha-node-modules-growl /vagrant/app/node_modules/mocha/node_modules/growl
330 verbose lock /vagrant/app/node_modules/mocha/node_modules/growl /home/vagrant/.npm/f28a774e-modules-mocha-node-modules-growl.lock
331 silly lockFile 05f62ce5--modules-mocha-node-modules-diff /vagrant/app/node_modules/mocha/node_modules/diff
332 verbose lock /vagrant/app/node_modules/mocha/node_modules/diff /home/vagrant/.npm/05f62ce5--modules-mocha-node-modules-diff.lock
333 silly lockFile e7af2ca8-les-mocha-node-modules-commander /vagrant/app/node_modules/mocha/node_modules/commander
334 verbose lock /vagrant/app/node_modules/mocha/node_modules/commander /home/vagrant/.npm/e7af2ca8-les-mocha-node-modules-commander.lock
335 silly lockFile 2d052057-modules-mocha-node-modules-debug /vagrant/app/node_modules/mocha/node_modules/debug
336 verbose lock /vagrant/app/node_modules/mocha/node_modules/debug /home/vagrant/.npm/2d052057-modules-mocha-node-modules-debug.lock
337 silly lockFile 421535b7--modules-mocha-node-modules-jade /vagrant/app/node_modules/mocha/node_modules/jade
338 verbose lock /vagrant/app/node_modules/mocha/node_modules/jade /home/vagrant/.npm/421535b7--modules-mocha-node-modules-jade.lock
339 silly lockFile 314d9154-odules-mocha-node-modules-mkdirp /vagrant/app/node_modules/mocha/node_modules/mkdirp
340 verbose lock /vagrant/app/node_modules/mocha/node_modules/mkdirp /home/vagrant/.npm/314d9154-odules-mocha-node-modules-mkdirp.lock
341 silly lockFile efe9c36c-de-modules-mocha-node-modules-ms /vagrant/app/node_modules/mocha/node_modules/ms
342 verbose lock /vagrant/app/node_modules/mocha/node_modules/ms /home/vagrant/.npm/efe9c36c-de-modules-mocha-node-modules-ms.lock
343 silly gunzTarPerm modes [ '755', '644' ]
344 silly gunzTarPerm modes [ '755', '644' ]
345 silly gunzTarPerm modes [ '755', '644' ]
346 silly gunzTarPerm modes [ '755', '644' ]
347 silly gunzTarPerm modes [ '755', '644' ]
348 silly gunzTarPerm modes [ '755', '644' ]
349 silly gunzTarPerm modes [ '755', '644' ]
350 silly gunzTarPerm extractEntry package.json
351 silly gunzTarPerm extractEntry package.json
352 silly gunzTarPerm extractEntry package.json
353 silly gunzTarPerm extractEntry package.json
354 silly gunzTarPerm extractEntry package.json
355 silly gunzTarPerm extractEntry package.json
356 silly gunzTarPerm extractEntry package.json
357 silly gunzTarPerm extractEntry test.js
358 silly gunzTarPerm extractEntry Readme.md
359 silly gunzTarPerm extractEntry README.md
360 silly gunzTarPerm extractEntry LICENSE
361 silly gunzTarPerm extractEntry .npmignore
362 silly gunzTarPerm extractEntry index.js
363 silly gunzTarPerm extractEntry .npmignore
364 silly gunzTarPerm extractEntry LICENSE
365 silly gunzTarPerm extractEntry .npmignore
366 silly gunzTarPerm extractEntry debug.component.js
367 silly gunzTarPerm extractEntry .npmignore
368 silly gunzTarPerm extractEntry LICENSE
369 silly gunzTarPerm extractEntry .npmignore
370 silly gunzTarPerm extractEntry README.md
371 silly gunzTarPerm extractEntry lib/growl.js
372 silly gunzTarPerm extractEntry History.md
373 silly gunzTarPerm extractEntry Makefile
374 silly gunzTarPerm extractEntry Readme.md
375 silly gunzTarPerm extractEntry index.js
376 silly gunzTarPerm extractEntry tail.js
377 silly gunzTarPerm extractEntry ms.js
378 silly gunzTarPerm extractEntry test/test.js
379 silly gunzTarPerm extractEntry diff.js
380 silly gunzTarPerm extractEntry test/diffTest.js
381 silly gunzTarPerm extractEntry runtime.min.js
382 silly gunzTarPerm extractEntry jade.min.js
383 silly gunzTarPerm extractEntry index.js
384 silly gunzTarPerm extractEntry examples/pow.js
385 silly gunzTarPerm extractEntry index.html
386 silly gunzTarPerm extractEntry style.css
387 silly gunzTarPerm extractEntry lib/commander.js
388 silly gunzTarPerm extractEntry History.md
389 silly gunzTarPerm extractEntry debug.js
390 silly gunzTarPerm extractEntry head.js
391 silly gunzTarPerm extractEntry test/support/jquery.js
392 silly gunzTarPerm extractEntry index.js
393 silly gunzTarPerm extractEntry runtime.js
394 silly gunzTarPerm extractEntry examples/pow.js.orig
395 silly gunzTarPerm extractEntry examples/pow.js.rej
396 silly gunzTarPerm extractEntry Readme.md
397 silly gunzTarPerm extractEntry jade.js
398 silly gunzTarPerm extractEntry .gitignore.rej
399 silly gunzTarPerm extractEntry example/worker.js
400 silly gunzTarPerm extractEntry example/wildcards.js
401 silly gunzTarPerm extractEntry .travis.yml
402 silly gunzTarPerm extractEntry test/index.html
403 silly gunzTarPerm extractEntry Makefile
404 silly gunzTarPerm extractEntry History.md
405 silly gunzTarPerm extractEntry jade.md
406 silly gunzTarPerm extractEntry test.jade
407 silly gunzTarPerm extractEntry test/root.js
408 silly gunzTarPerm extractEntry test/perm.js
409 silly gunzTarPerm extractEntry component.json
410 silly gunzTarPerm extractEntry bin/jade
411 silly gunzTarPerm extractEntry example/app.js
412 silly gunzTarPerm extractEntry example/browser.html
413 silly gunzTarPerm extractEntry test/clobber.js
414 silly gunzTarPerm extractEntry testing/user.js
415 silly gunzTarPerm extractEntry test/race.js
416 silly gunzTarPerm extractEntry test/rel.js
417 silly gunzTarPerm extractEntry test/sync.js
418 silly gunzTarPerm extractEntry lib/debug.js
419 silly gunzTarPerm extractEntry Makefile
420 silly gunzTarPerm extractEntry testing/index.js
421 silly gunzTarPerm extractEntry testing/layout.jade
422 silly gunzTarPerm extractEntry testing/user.jade
423 silly gunzTarPerm extractEntry test/chmod.js
424 silly gunzTarPerm extractEntry test/umask.js
425 silly gunzTarPerm extractEntry testing/head.jade
426 silly gunzTarPerm extractEntry testing/index.jade
427 silly gunzTarPerm extractEntry lib/inline-tags.js
428 silly gunzTarPerm extractEntry lib/runtime.js
429 silly gunzTarPerm extractEntry lib/utils.js
430 silly gunzTarPerm extractEntry lib/compiler.js
431 silly gunzTarPerm extractEntry History.md
432 silly gunzTarPerm extractEntry lib/jade.js
433 silly gunzTarPerm extractEntry lib/lexer.js
434 silly gunzTarPerm extractEntry lib/parser.js
435 silly gunzTarPerm extractEntry lib/filters.js
436 silly gunzTarPerm extractEntry lib/self-closing.js
437 silly gunzTarPerm extractEntry test/umask_sync.js
438 silly gunzTarPerm extractEntry test/return_sync.js
439 silly gunzTarPerm extractEntry lib/doctypes.js
440 silly gunzTarPerm extractEntry lib/nodes/filter.js
441 silly gunzTarPerm extractEntry lib/nodes/block.js
442 silly gunzTarPerm extractEntry lib/nodes/index.js
443 silly gunzTarPerm extractEntry lib/nodes/literal.js
444 verbose read json /vagrant/app/node_modules/mocha/node_modules/growl/package.json
445 silly gunzTarPerm extractEntry lib/nodes/mixin.js
446 silly gunzTarPerm extractEntry lib/nodes/code.js
447 silly gunzTarPerm extractEntry lib/nodes/block-comment.js
448 silly gunzTarPerm extractEntry lib/nodes/each.js
449 silly gunzTarPerm extractEntry test/perm_sync.js
450 silly gunzTarPerm extractEntry test/mkdirp.js
451 silly gunzTarPerm extractEntry lib/nodes/attrs.js
452 silly gunzTarPerm extractEntry lib/nodes/case.js
453 silly gunzTarPerm extractEntry lib/nodes/doctype.js
454 silly gunzTarPerm extractEntry lib/nodes/tag.js
455 silly gunzTarPerm extractEntry lib/nodes/comment.js
456 silly gunzTarPerm extractEntry lib/nodes/node.js
457 silly gunzTarPerm extractEntry lib/nodes/text.js
458 silly lockFile f28a774e-modules-mocha-node-modules-growl /vagrant/app/node_modules/mocha/node_modules/growl
459 silly gunzTarPerm extractEntry test/return.js
460 silly gunzTarPerm extractEntry README.markdown
461 info preinstall growl@1.6.1
462 verbose from cache /vagrant/app/node_modules/mocha/node_modules/growl/package.json
463 silly gunzTarPerm extractEntry .gitignore.orig
464 silly gunzTarPerm extractEntry .travis.yml
465 verbose readDependencies using package.json deps
466 verbose from cache /vagrant/app/node_modules/mocha/node_modules/growl/package.json
467 verbose readDependencies using package.json deps
468 silly resolved []
469 verbose about to build /vagrant/app/node_modules/mocha/node_modules/growl
470 info build /vagrant/app/node_modules/mocha/node_modules/growl
471 verbose from cache /vagrant/app/node_modules/mocha/node_modules/growl/package.json
472 verbose linkStuff [ false,
472 verbose linkStuff   false,
472 verbose linkStuff   false,
472 verbose linkStuff   '/vagrant/app/node_modules/mocha/node_modules' ]
473 info linkStuff growl@1.6.1
474 verbose linkBins growl@1.6.1
475 verbose linkMans growl@1.6.1
476 verbose rebuildBundles growl@1.6.1
477 info install growl@1.6.1
478 info postinstall growl@1.6.1
479 verbose read json /vagrant/app/node_modules/mocha/node_modules/commander/package.json
480 silly lockFile e7af2ca8-les-mocha-node-modules-commander /vagrant/app/node_modules/mocha/node_modules/commander
481 info preinstall commander@0.6.1
482 verbose from cache /vagrant/app/node_modules/mocha/node_modules/commander/package.json
483 verbose read json /vagrant/app/node_modules/mocha/node_modules/debug/package.json
484 verbose readDependencies using package.json deps
485 verbose from cache /vagrant/app/node_modules/mocha/node_modules/commander/package.json
486 silly lockFile 2d052057-modules-mocha-node-modules-debug /vagrant/app/node_modules/mocha/node_modules/debug
487 verbose readDependencies using package.json deps
488 silly resolved []
489 verbose about to build /vagrant/app/node_modules/mocha/node_modules/commander
490 info build /vagrant/app/node_modules/mocha/node_modules/commander
491 verbose from cache /vagrant/app/node_modules/mocha/node_modules/commander/package.json
492 verbose linkStuff [ false,
492 verbose linkStuff   false,
492 verbose linkStuff   false,
492 verbose linkStuff   '/vagrant/app/node_modules/mocha/node_modules' ]
493 info linkStuff commander@0.6.1
494 verbose linkBins commander@0.6.1
495 verbose linkMans commander@0.6.1
496 verbose rebuildBundles commander@0.6.1
497 info preinstall debug@0.7.0
498 info install commander@0.6.1
499 verbose from cache /vagrant/app/node_modules/mocha/node_modules/debug/package.json
500 info postinstall commander@0.6.1
501 verbose readDependencies using package.json deps
502 verbose from cache /vagrant/app/node_modules/mocha/node_modules/debug/package.json
503 verbose read json /vagrant/app/node_modules/mocha/node_modules/diff/package.json
504 verbose readDependencies using package.json deps
505 silly resolved []
506 verbose about to build /vagrant/app/node_modules/mocha/node_modules/debug
507 info build /vagrant/app/node_modules/mocha/node_modules/debug
508 verbose from cache /vagrant/app/node_modules/mocha/node_modules/debug/package.json
509 silly lockFile 05f62ce5--modules-mocha-node-modules-diff /vagrant/app/node_modules/mocha/node_modules/diff
510 info preinstall diff@1.0.2
511 verbose from cache /vagrant/app/node_modules/mocha/node_modules/diff/package.json
512 verbose linkStuff [ false,
512 verbose linkStuff   false,
512 verbose linkStuff   false,
512 verbose linkStuff   '/vagrant/app/node_modules/mocha/node_modules' ]
513 info linkStuff debug@0.7.0
514 verbose linkBins debug@0.7.0
515 verbose linkMans debug@0.7.0
516 verbose rebuildBundles debug@0.7.0
517 info install debug@0.7.0
518 verbose readDependencies using package.json deps
519 verbose from cache /vagrant/app/node_modules/mocha/node_modules/diff/package.json
520 info postinstall debug@0.7.0
521 verbose read json /vagrant/app/node_modules/mocha/node_modules/mkdirp/package.json
522 silly lockFile 314d9154-odules-mocha-node-modules-mkdirp /vagrant/app/node_modules/mocha/node_modules/mkdirp
523 info preinstall mkdirp@0.3.3
524 verbose readDependencies using package.json deps
525 silly resolved []
526 verbose about to build /vagrant/app/node_modules/mocha/node_modules/diff
527 info build /vagrant/app/node_modules/mocha/node_modules/diff
528 verbose from cache /vagrant/app/node_modules/mocha/node_modules/diff/package.json
529 verbose from cache /vagrant/app/node_modules/mocha/node_modules/mkdirp/package.json
530 verbose linkStuff [ false,
530 verbose linkStuff   false,
530 verbose linkStuff   false,
530 verbose linkStuff   '/vagrant/app/node_modules/mocha/node_modules' ]
531 info linkStuff diff@1.0.2
532 verbose linkBins diff@1.0.2
533 verbose linkMans diff@1.0.2
534 verbose rebuildBundles diff@1.0.2
535 verbose readDependencies using package.json deps
536 verbose from cache /vagrant/app/node_modules/mocha/node_modules/mkdirp/package.json
537 info install diff@1.0.2
538 info postinstall diff@1.0.2
539 verbose readDependencies using package.json deps
540 silly resolved []
541 verbose about to build /vagrant/app/node_modules/mocha/node_modules/mkdirp
542 info build /vagrant/app/node_modules/mocha/node_modules/mkdirp
543 verbose from cache /vagrant/app/node_modules/mocha/node_modules/mkdirp/package.json
544 verbose linkStuff [ false,
544 verbose linkStuff   false,
544 verbose linkStuff   false,
544 verbose linkStuff   '/vagrant/app/node_modules/mocha/node_modules' ]
545 info linkStuff mkdirp@0.3.3
546 verbose linkBins mkdirp@0.3.3
547 verbose linkMans mkdirp@0.3.3
548 verbose rebuildBundles mkdirp@0.3.3
549 info install mkdirp@0.3.3
550 info postinstall mkdirp@0.3.3
551 verbose read json /vagrant/app/node_modules/mocha/node_modules/ms/package.json
552 silly lockFile efe9c36c-de-modules-mocha-node-modules-ms /vagrant/app/node_modules/mocha/node_modules/ms
553 info preinstall ms@0.3.0
554 verbose from cache /vagrant/app/node_modules/mocha/node_modules/ms/package.json
555 verbose readDependencies using package.json deps
556 verbose from cache /vagrant/app/node_modules/mocha/node_modules/ms/package.json
557 verbose readDependencies using package.json deps
558 silly resolved []
559 verbose about to build /vagrant/app/node_modules/mocha/node_modules/ms
560 info build /vagrant/app/node_modules/mocha/node_modules/ms
561 verbose from cache /vagrant/app/node_modules/mocha/node_modules/ms/package.json
562 verbose linkStuff [ false,
562 verbose linkStuff   false,
562 verbose linkStuff   false,
562 verbose linkStuff   '/vagrant/app/node_modules/mocha/node_modules' ]
563 info linkStuff ms@0.3.0
564 verbose linkBins ms@0.3.0
565 verbose linkMans ms@0.3.0
566 verbose rebuildBundles ms@0.3.0
567 info install ms@0.3.0
568 info postinstall ms@0.3.0
569 verbose read json /vagrant/app/node_modules/mocha/node_modules/jade/package.json
570 silly lockFile 421535b7--modules-mocha-node-modules-jade /vagrant/app/node_modules/mocha/node_modules/jade
571 info preinstall jade@0.26.3
572 verbose from cache /vagrant/app/node_modules/mocha/node_modules/jade/package.json
573 verbose readDependencies using package.json deps
574 verbose from cache /vagrant/app/node_modules/mocha/node_modules/jade/package.json
575 verbose readDependencies using package.json deps
576 verbose cache add [ 'mkdirp@0.3.0', null ]
577 silly cache add name=undefined spec="mkdirp@0.3.0" args=["mkdirp@0.3.0",null]
578 verbose parsed url { pathname: 'mkdirp@0.3.0',
578 verbose parsed url   path: 'mkdirp@0.3.0',
578 verbose parsed url   href: 'mkdirp@0.3.0' }
579 silly cache add name="mkdirp" spec="0.3.0" args=["mkdirp","0.3.0"]
580 verbose parsed url { pathname: '0.3.0', path: '0.3.0', href: '0.3.0' }
581 verbose addNamed [ 'mkdirp', '0.3.0' ]
582 verbose addNamed [ '0.3.0', '0.3.0' ]
583 silly lockFile 9a6651f3-mkdirp-0-3-0 mkdirp@0.3.0
584 verbose lock mkdirp@0.3.0 /home/vagrant/.npm/9a6651f3-mkdirp-0-3-0.lock
585 verbose url raw mkdirp/0.3.0
586 verbose url resolving [ 'https://registry.npmjs.org/', './mkdirp/0.3.0' ]
587 verbose url resolved https://registry.npmjs.org/mkdirp/0.3.0
588 info trying registry request attempt 1 at 16:11:37
589 verbose etag "AHKPZ9B5R2AVAN24CLVUD937X"
590 http GET https://registry.npmjs.org/mkdirp/0.3.0
591 http 304 https://registry.npmjs.org/mkdirp/0.3.0
592 silly registry.get cb [ 304,
592 silly registry.get   { server: 'CouchDB/1.2.0 (Erlang OTP/R15B)',
592 silly registry.get     etag: '"AHKPZ9B5R2AVAN24CLVUD937X"',
592 silly registry.get     date: 'Wed, 05 Dec 2012 15:10:54 GMT',
592 silly registry.get     'content-length': '0' } ]
593 verbose etag mkdirp/0.3.0 from cache
594 verbose read json /home/vagrant/.npm/mkdirp/0.3.0/package/package.json
595 silly lockFile 9a6651f3-mkdirp-0-3-0 mkdirp@0.3.0
596 silly resolved [ { name: 'mkdirp',
596 silly resolved     description: 'Recursively mkdir, like `mkdir -p`',
596 silly resolved     version: '0.3.0',
596 silly resolved     author:
596 silly resolved      { name: 'James Halliday',
596 silly resolved        email: 'mail@substack.net',
596 silly resolved        url: 'http://substack.net' },
596 silly resolved     main: './index',
596 silly resolved     keywords: [ 'mkdir', 'directory' ],
596 silly resolved     repository:
596 silly resolved      { type: 'git',
596 silly resolved        url: 'http://github.com/substack/node-mkdirp.git' },
596 silly resolved     scripts: { test: 'tap test/*.js' },
596 silly resolved     devDependencies: { tap: '0.0.x' },
596 silly resolved     license: 'MIT/X11',
596 silly resolved     engines: { node: '*' },
596 silly resolved     readme: 'mkdirp\n======\n\nLike `mkdir -p`, but in node.js!\n\nexample\n=======\n\npow.js\n------\n    var mkdirp = require(\'mkdirp\');\n    \n    mkdirp(\'/tmp/foo/bar/baz\', function (err) {\n        if (err) console.error(err)\n        else console.log(\'pow!\')\n    });\n\nOutput\n    pow!\n\nAnd now /tmp/foo/bar/baz exists, huzzah!\n\nmethods\n=======\n\nvar mkdirp = require(\'mkdirp\');\n\nmkdirp(dir, mode, cb)\n---------------------\n\nCreate a new directory and any necessary subdirectories at `dir` with octal\npermission string `mode`.\n\nIf `mode` isn\'t specified, it defaults to `0777 & (~process.umask())`.\n\nmkdirp.sync(dir, mode)\n----------------------\n\nSynchronously create a new directory and any necessary subdirectories at `dir`\nwith octal permission string `mode`.\n\nIf `mode` isn\'t specified, it defaults to `0777 & (~process.umask())`.\n\ninstall\n=======\n\nWith [npm](http://npmjs.org) do:\n\n    npm install mkdirp\n\nlicense\n=======\n\nMIT/X11\n',
596 silly resolved     _id: 'mkdirp@0.3.0',
596 silly resolved     _from: 'mkdirp@0.3.0' } ]
597 info install mkdirp@0.3.0 into /vagrant/app/node_modules/mocha/node_modules/jade
598 info installOne mkdirp@0.3.0
599 verbose from cache /home/vagrant/.npm/mkdirp/0.3.0/package/package.json
600 info /vagrant/app/node_modules/mocha/node_modules/jade/node_modules/mkdirp unbuild
601 verbose read json /vagrant/app/node_modules/mocha/node_modules/jade/node_modules/mkdirp/package.json
602 verbose tar unpack /home/vagrant/.npm/mkdirp/0.3.0/package.tgz
603 silly lockFile db424a9d-modules-jade-node-modules-mkdirp /vagrant/app/node_modules/mocha/node_modules/jade/node_modules/mkdirp
604 verbose lock /vagrant/app/node_modules/mocha/node_modules/jade/node_modules/mkdirp /home/vagrant/.npm/db424a9d-modules-jade-node-modules-mkdirp.lock
605 silly gunzTarPerm modes [ '755', '644' ]
606 silly gunzTarPerm extractEntry package.json
607 silly gunzTarPerm extractEntry .npmignore
608 silly gunzTarPerm extractEntry LICENSE
609 silly gunzTarPerm extractEntry index.js
610 silly gunzTarPerm extractEntry examples/pow.js
611 silly gunzTarPerm extractEntry examples/pow.js.orig
612 silly gunzTarPerm extractEntry examples/pow.js.rej
613 silly gunzTarPerm extractEntry .gitignore.rej
614 silly gunzTarPerm extractEntry test/perm_sync.js
615 silly gunzTarPerm extractEntry test/rel.js
616 silly gunzTarPerm extractEntry test/perm.js
617 silly gunzTarPerm extractEntry test/clobber.js
618 silly gunzTarPerm extractEntry test/race.js
619 silly gunzTarPerm extractEntry test/sync.js
620 silly gunzTarPerm extractEntry test/chmod.js
621 silly gunzTarPerm extractEntry test/umask.js
622 silly gunzTarPerm extractEntry test/umask_sync.js
623 silly gunzTarPerm extractEntry test/mkdirp.js
624 silly gunzTarPerm extractEntry README.markdown
625 silly gunzTarPerm extractEntry .gitignore.orig
626 verbose read json /vagrant/app/node_modules/mocha/node_modules/jade/node_modules/mkdirp/package.json
627 silly lockFile db424a9d-modules-jade-node-modules-mkdirp /vagrant/app/node_modules/mocha/node_modules/jade/node_modules/mkdirp
628 info preinstall mkdirp@0.3.0
629 verbose from cache /vagrant/app/node_modules/mocha/node_modules/jade/node_modules/mkdirp/package.json
630 verbose readDependencies using package.json deps
631 verbose from cache /vagrant/app/node_modules/mocha/node_modules/jade/node_modules/mkdirp/package.json
632 verbose readDependencies using package.json deps
633 silly resolved []
634 verbose about to build /vagrant/app/node_modules/mocha/node_modules/jade/node_modules/mkdirp
635 info build /vagrant/app/node_modules/mocha/node_modules/jade/node_modules/mkdirp
636 verbose from cache /vagrant/app/node_modules/mocha/node_modules/jade/node_modules/mkdirp/package.json
637 verbose linkStuff [ false,
637 verbose linkStuff   false,
637 verbose linkStuff   false,
637 verbose linkStuff   '/vagrant/app/node_modules/mocha/node_modules/jade/node_modules' ]
638 info linkStuff mkdirp@0.3.0
639 verbose linkBins mkdirp@0.3.0
640 verbose linkMans mkdirp@0.3.0
641 verbose rebuildBundles mkdirp@0.3.0
642 info install mkdirp@0.3.0
643 info postinstall mkdirp@0.3.0
644 verbose about to build /vagrant/app/node_modules/mocha/node_modules/jade
645 info build /vagrant/app/node_modules/mocha/node_modules/jade
646 verbose from cache /vagrant/app/node_modules/mocha/node_modules/jade/package.json
647 verbose linkStuff [ false,
647 verbose linkStuff   false,
647 verbose linkStuff   false,
647 verbose linkStuff   '/vagrant/app/node_modules/mocha/node_modules' ]
648 info linkStuff jade@0.26.3
649 verbose linkBins jade@0.26.3
650 verbose link bins [ { jade: './bin/jade' },
650 verbose link bins   '/vagrant/app/node_modules/mocha/node_modules/.bin',
650 verbose link bins   false ]
651 verbose linkMans jade@0.26.3
652 verbose rebuildBundles jade@0.26.3
653 verbose rebuildBundles [ 'mkdirp' ]
654 info /vagrant/app/node_modules/mocha/node_modules/jade unbuild
655 verbose from cache /vagrant/app/node_modules/mocha/node_modules/jade/package.json
656 info preuninstall jade@0.26.3
657 info uninstall jade@0.26.3
658 verbose false,/vagrant/app/node_modules,/vagrant/app/node_modules/mocha/node_modules unbuild jade@0.26.3
659 verbose /vagrant/app/node_modules/mocha/node_modules/.bin,[object Object] binRoot
660 info postuninstall jade@0.26.3
661 verbose about to build /vagrant/app/node_modules/mocha
662 info /vagrant/app/node_modules/mocha unbuild
663 verbose from cache /vagrant/app/node_modules/mocha/package.json
664 info preuninstall mocha@1.7.3
665 info uninstall mocha@1.7.3
666 verbose true,/vagrant/app/node_modules,/vagrant/app/node_modules unbuild mocha@1.7.3
667 verbose /vagrant/app/node_modules/.bin,[object Object] binRoot
668 info postuninstall mocha@1.7.3
669 error Error: UNKNOWN, symlink '../jade/bin/jade'
670 error If you need help, you may report this log at:
670 error     <http://github.com/isaacs/npm/issues>
670 error or email it to:
670 error     <npm-@googlegroups.com>
671 error System Linux 2.6.32-38-generic
672 error command "/usr/local/bin/node" "/usr/local/bin/npm" "install"
673 error cwd /vagrant/app
674 error node -v v0.8.12
675 error npm -v 1.1.63
676 error path ../jade/bin/jade
677 error code UNKNOWN
678 error errno -1
679 verbose exit [ -1, true ]
